<?xml version="1.0" encoding="UTF-8"?>
<testng-results skipped="0" failed="1" total="1" passed="0">
  <reporter-output>
  </reporter-output>
  <suite name="Default suite" duration-ms="30271" started-at="2020-01-10T17:20:56Z" finished-at="2020-01-10T17:21:26Z">
    <groups>
    </groups>
    <test name="Default test" duration-ms="30271" started-at="2020-01-10T17:20:56Z" finished-at="2020-01-10T17:21:26Z">
      <class name="scripts.Addingproducttocart">
        <test-method status="PASS" signature="openapp()[pri:0, instance:scripts.Addingproducttocart@66048bfd]" name="openapp" is-config="true" duration-ms="18630" started-at="2020-01-10T22:50:56Z" finished-at="2020-01-10T22:51:15Z">
          <reporter-output>
          </reporter-output>
        </test-method> <!-- openapp -->
        <test-method status="FAIL" signature="addingtocart()[pri:0, instance:scripts.Addingproducttocart@66048bfd]" name="addingtocart" duration-ms="10904" started-at="2020-01-10T22:51:15Z" finished-at="2020-01-10T22:51:25Z">
          <exception class="java.lang.NullPointerException">
            <full-stacktrace>
              <![CDATA[java.lang.NullPointerException
	at org.openqa.selenium.support.ui.Quotes.escape(Quotes.java:42)
	at org.openqa.selenium.support.ui.Select.selectByVisibleText(Select.java:113)
	at generic.Utilies.dropdown(Utilies.java:12)
	at scripts.Addingproducttocart.addingtocart(Addingproducttocart.java:26)
	at sun.reflect.NativeMethodAccessorImpl.invoke0(Native Method)
	at sun.reflect.NativeMethodAccessorImpl.invoke(Unknown Source)
	at sun.reflect.DelegatingMethodAccessorImpl.invoke(Unknown Source)
	at java.lang.reflect.Method.invoke(Unknown Source)
	at org.testng.internal.MethodInvocationHelper.invokeMethod(MethodInvocationHelper.java:86)
	at org.testng.internal.Invoker.invokeMethod(Invoker.java:645)
	at org.testng.internal.Invoker.invokeTestMethod(Invoker.java:822)
	at org.testng.internal.Invoker.invokeTestMethods(Invoker.java:1130)
	at org.testng.internal.TestMethodWorker.invokeTestMethods(TestMethodWorker.java:129)
	at org.testng.internal.TestMethodWorker.run(TestMethodWorker.java:112)
	at org.testng.TestRunner.privateRun(TestRunner.java:782)
	at org.testng.TestRunner.run(TestRunner.java:632)
	at org.testng.SuiteRunner.runTest(SuiteRunner.java:366)
	at org.testng.SuiteRunner.runSequentially(SuiteRunner.java:361)
	at org.testng.SuiteRunner.privateRun(SuiteRunner.java:319)
	at org.testng.SuiteRunner.run(SuiteRunner.java:268)
	at org.testng.SuiteRunnerWorker.runSuite(SuiteRunnerWorker.java:52)
	at org.testng.SuiteRunnerWorker.run(SuiteRunnerWorker.java:86)
	at org.testng.TestNG.runSuitesSequentially(TestNG.java:1244)
	at org.testng.TestNG.runSuitesLocally(TestNG.java:1169)
	at org.testng.TestNG.run(TestNG.java:1064)
	at org.testng.remote.RemoteTestNG.run(RemoteTestNG.java:113)
	at org.testng.remote.RemoteTestNG.initAndRun(RemoteTestNG.java:206)
	at org.testng.remote.RemoteTestNG.main(RemoteTestNG.java:177)
]]>
            </full-stacktrace>
          </exception> <!-- java.lang.NullPointerException -->
          <reporter-output>
          </reporter-output>
        </test-method> <!-- addingtocart -->
        <test-method status="PASS" signature="closeapp(org.testng.ITestResult)[pri:0, instance:scripts.Addingproducttocart@66048bfd]" name="closeapp" is-config="true" duration-ms="705" started-at="2020-01-10T22:51:25Z" finished-at="2020-01-10T22:51:26Z">
          <params>
            <param index="0">
              <value>
                <![CDATA[[TestResult name=addingtocart status=FAILURE method=Addingproducttocart.addingtocart()[pri:0, instance:scripts.Addingproducttocart@66048bfd] output={null}]]]>
              </value>
            </param>
          </params>
          <reporter-output>
          </reporter-output>
        </test-method> <!-- closeapp -->
      </class> <!-- scripts.Addingproducttocart -->
    </test> <!-- Default test -->
  </suite> <!-- Default suite -->
</testng-results>
